2024-07-10T14:57:16.257+06:00  INFO 26616 --- [wsd-ebiz] [main] c.e.A.AirTicketManagementApplication     : Starting AirTicketManagementApplication using Java 17.0.11 with PID 26616 (D:\Java Sample Projects\Air-Ticket-Management\target\classes started by User in D:\Java Sample Projects\Air-Ticket-Management)
2024-07-10T14:57:16.260+06:00  INFO 26616 --- [wsd-ebiz] [main] c.e.A.AirTicketManagementApplication     : No active profile set, falling back to 1 default profile: "default"
2024-07-10T14:57:17.216+06:00  INFO 26616 --- [wsd-ebiz] [main] .s.d.r.c.RepositoryConfigurationDelegate : Bootstrapping Spring Data JPA repositories in DEFAULT mode.
2024-07-10T14:57:17.301+06:00  INFO 26616 --- [wsd-ebiz] [main] .s.d.r.c.RepositoryConfigurationDelegate : Finished Spring Data repository scanning in 74 ms. Found 2 JPA repository interfaces.
2024-07-10T14:57:18.551+06:00  INFO 26616 --- [wsd-ebiz] [main] o.s.b.w.embedded.tomcat.TomcatWebServer  : Tomcat initialized with port 8080 (http)
2024-07-10T14:57:18.572+06:00  INFO 26616 --- [wsd-ebiz] [main] o.apache.catalina.core.StandardService   : Starting service [Tomcat]
2024-07-10T14:57:18.573+06:00  INFO 26616 --- [wsd-ebiz] [main] o.apache.catalina.core.StandardEngine    : Starting Servlet engine: [Apache Tomcat/10.1.25]
2024-07-10T14:57:18.697+06:00  INFO 26616 --- [wsd-ebiz] [main] o.a.c.c.C.[Tomcat].[localhost].[/]       : Initializing Spring embedded WebApplicationContext
2024-07-10T14:57:18.698+06:00  INFO 26616 --- [wsd-ebiz] [main] w.s.c.ServletWebServerApplicationContext : Root WebApplicationContext: initialization completed in 2394 ms
2024-07-10T14:57:19.250+06:00  INFO 26616 --- [wsd-ebiz] [main] o.hibernate.jpa.internal.util.LogHelper  : HHH000204: Processing PersistenceUnitInfo [name: default]
2024-07-10T14:57:19.350+06:00  INFO 26616 --- [wsd-ebiz] [main] org.hibernate.Version                    : HHH000412: Hibernate ORM core version 6.5.2.Final
2024-07-10T14:57:19.418+06:00  INFO 26616 --- [wsd-ebiz] [main] o.h.c.internal.RegionFactoryInitiator    : HHH000026: Second-level cache disabled
2024-07-10T14:57:19.814+06:00  INFO 26616 --- [wsd-ebiz] [main] o.s.o.j.p.SpringPersistenceUnitInfo      : No LoadTimeWeaver setup: ignoring JPA class transformer
2024-07-10T14:57:19.872+06:00  INFO 26616 --- [wsd-ebiz] [main] com.zaxxer.hikari.HikariDataSource       : HikariPool-1 - Starting...
2024-07-10T14:57:20.295+06:00  INFO 26616 --- [wsd-ebiz] [main] com.zaxxer.hikari.pool.HikariPool        : HikariPool-1 - Added connection com.mysql.cj.jdbc.ConnectionImpl@1ac3a6f
2024-07-10T14:57:20.298+06:00  INFO 26616 --- [wsd-ebiz] [main] com.zaxxer.hikari.HikariDataSource       : HikariPool-1 - Start completed.
2024-07-10T14:57:20.317+06:00  WARN 26616 --- [wsd-ebiz] [main] o.h.e.j.e.i.JdbcEnvironmentInitiator     : HHH000339: Could not obtain connection metadata: java.sql.SQLSyntaxErrorException: Unknown column 'RESERVED' in 'where clause'
2024-07-10T14:57:20.333+06:00  WARN 26616 --- [wsd-ebiz] [main] org.hibernate.orm.deprecation            : HHH90000025: MySQLDialect does not need to be specified explicitly using 'hibernate.dialect' (remove the property setting and it will be selected by default)
2024-07-10T14:57:21.169+06:00  INFO 26616 --- [wsd-ebiz] [main] o.h.e.t.j.p.i.JtaPlatformInitiator       : HHH000489: No JTA platform available (set 'hibernate.transaction.jta.platform' to enable JTA platform integration)
2024-07-10T14:57:21.209+06:00  INFO 26616 --- [wsd-ebiz] [main] j.LocalContainerEntityManagerFactoryBean : Initialized JPA EntityManagerFactory for persistence unit 'default'
2024-07-10T14:57:21.760+06:00  INFO 26616 --- [wsd-ebiz] [main] o.s.d.j.r.query.QueryEnhancerFactory     : Hibernate is in classpath; If applicable, HQL parser will be used.
2024-07-10T14:57:22.450+06:00  WARN 26616 --- [wsd-ebiz] [main] JpaBaseConfiguration$JpaWebConfiguration : spring.jpa.open-in-view is enabled by default. Therefore, database queries may be performed during view rendering. Explicitly configure spring.jpa.open-in-view to disable this warning
2024-07-10T14:57:23.675+06:00  INFO 26616 --- [wsd-ebiz] [main] o.s.b.a.e.web.EndpointLinksResolver      : Exposing 15 endpoints beneath base path '/actuator'
2024-07-10T14:57:23.827+06:00  INFO 26616 --- [wsd-ebiz] [main] o.s.b.w.embedded.tomcat.TomcatWebServer  : Tomcat started on port 8080 (http) with context path '/'
2024-07-10T14:57:23.849+06:00  INFO 26616 --- [wsd-ebiz] [main] c.e.A.AirTicketManagementApplication     : Started AirTicketManagementApplication in 8.02 seconds (process running for 8.441)
2024-07-10T14:58:51.917+06:00  INFO 26616 --- [wsd-ebiz] [SpringApplicationShutdownHook] j.LocalContainerEntityManagerFactoryBean : Closing JPA EntityManagerFactory for persistence unit 'default'
2024-07-10T14:58:51.919+06:00  INFO 26616 --- [wsd-ebiz] [SpringApplicationShutdownHook] com.zaxxer.hikari.HikariDataSource       : HikariPool-1 - Shutdown initiated...
2024-07-10T14:58:51.930+06:00  INFO 26616 --- [wsd-ebiz] [SpringApplicationShutdownHook] com.zaxxer.hikari.HikariDataSource       : HikariPool-1 - Shutdown completed.
